# JRE version: 7.0_11-b21
# Java VM: Java HotSpot(TM) 64-Bit Server VM (23.6-b04 mixed mode windows-amd64 compressed oops)
Heap
 PSYoungGen      total 31616K, used 7831K [0x00000000fa000000, 0x00000000fc540000, 0x0000000100000000)
  eden space 25984K, 17% used [0x00000000fa000000,0x00000000fa46c9c8,0x00000000fb960000)
  from space 5632K, 58% used [0x00000000fbfc0000,0x00000000fc2f93d0,0x00000000fc540000)
  to   space 6080K, 0% used [0x00000000fb960000,0x00000000fb960000,0x00000000fbf50000)
 ParOldGen       total 151744K, used 143251K [0x00000000e8000000, 0x00000000f1430000, 0x00000000fa000000)
  object space 151744K, 94% used [0x00000000e8000000,0x00000000f0be4f28,0x00000000f1430000)
 PSPermGen       total 79040K, used 77845K [0x00000000e0000000, 0x00000000e4d30000, 0x00000000e8000000)
  object space 79040K, 98% used [0x00000000e0000000,0x00000000e4c05618,0x00000000e4d30000)
GC Heap History (10 events):
Event: 148122.754 GC heap before
{Heap before GC invocations=9308 (full 30):
 PSYoungGen      total 31424K, used 31414K [0x00000000fa000000, 0x00000000fc980000, 0x0000000100000000)
  eden space 29184K, 100% used [0x00000000fa000000,0x00000000fbc80000,0x00000000fbc80000)
  from space 2240K, 99% used [0x00000000fbd30000,0x00000000fbf5d8a0,0x00000000fbf60000)
  to   space 6656K, 0% used [0x00000000fc300000,0x00000000fc300000,0x00000000fc980000)
 ParOldGen       total 151744K, used 142769K [0x00000000e8000000, 0x00000000f1430000, 0x00000000fa000000)
  object space 151744K, 94% used [0x00000000e8000000,0x00000000f0b6c748,0x00000000f1430000)
 PSPermGen       total 79040K, used 77821K [0x00000000e0000000, 0x00000000e4d30000, 0x00000000e8000000)
  object space 79040K, 98% used [0x00000000e0000000,0x00000000e4bff4e0,0x00000000e4d30000)
Event: 148122.760 GC heap after
Heap after GC invocations=9308 (full 30):
 PSYoungGen      total 34048K, used 736K [0x00000000fa000000, 0x00000000fc870000, 0x0000000100000000)
  eden space 28480K, 0% used [0x00000000fa000000,0x00000000fa000000,0x00000000fbbd0000)
  from space 5568K, 13% used [0x00000000fc300000,0x00000000fc3b8000,0x00000000fc870000)
  to   space 6464K, 0% used [0x00000000fbbd0000,0x00000000fbbd0000,0x00000000fc220000)
 ParOldGen       total 151744K, used 143251K [0x00000000e8000000, 0x00000000f1430000, 0x00000000fa000000)
  object space 151744K, 94% used [0x00000000e8000000,0x00000000f0be4f28,0x00000000f1430000)
 PSPermGen       total 79040K, used 77821K [0x00000000e0000000, 0x00000000e4d30000, 0x00000000e8000000)
  object space 79040K, 98% used [0x00000000e0000000,0x00000000e4bff4e0,0x00000000e4d30000)
}
Event: 148175.471 GC heap before
{Heap before GC invocations=9309 (full 30):
 PSYoungGen      total 34048K, used 29216K [0x00000000fa000000, 0x00000000fc870000, 0x0000000100000000)
  eden space 28480K, 100% used [0x00000000fa000000,0x00000000fbbd0000,0x00000000fbbd0000)
  from space 5568K, 13% used [0x00000000fc300000,0x00000000fc3b8000,0x00000000fc870000)
  to   space 6464K, 0% used [0x00000000fbbd0000,0x00000000fbbd0000,0x00000000fc220000)
 ParOldGen       total 151744K, used 143251K [0x00000000e8000000, 0x00000000f1430000, 0x00000000fa000000)
  object space 151744K, 94% used [0x00000000e8000000,0x00000000f0be4f28,0x00000000f1430000)
 PSPermGen       total 79040K, used 77821K [0x00000000e0000000, 0x00000000e4d30000, 0x00000000e8000000)
  object space 79040K, 98% used [0x00000000e0000000,0x00000000e4bff4e0,0x00000000e4d30000)
Event: 148175.476 GC heap after
Heap after GC invocations=9309 (full 30):
 PSYoungGen      total 28032K, used 192K [0x00000000fa000000, 0x00000000fc790000, 0x0000000100000000)
  eden space 27840K, 0% used [0x00000000fa000000,0x00000000fa000000,0x00000000fbb30000)
  from space 192K, 100% used [0x00000000fbbd0000,0x00000000fbc00000,0x00000000fbc00000)
  to   space 6336K, 0% used [0x00000000fc160000,0x00000000fc160000,0x00000000fc790000)
 ParOldGen       total 151744K, used 143251K [0x00000000e8000000, 0x00000000f1430000, 0x00000000fa000000)
  object space 151744K, 94% used [0x00000000e8000000,0x00000000f0be4f28,0x00000000f1430000)
 PSPermGen       total 79040K, used 77821K [0x00000000e0000000, 0x00000000e4d30000, 0x00000000e8000000)
  object space 79040K, 98% used [0x00000000e0000000,0x00000000e4bff4e0,0x00000000e4d30000)
}
Event: 148230.033 GC heap before
{Heap before GC invocations=9310 (full 30):
 PSYoungGen      total 28032K, used 28032K [0x00000000fa000000, 0x00000000fc790000, 0x0000000100000000)
  eden space 27840K, 100% used [0x00000000fa000000,0x00000000fbb30000,0x00000000fbb30000)
  from space 192K, 100% used [0x00000000fbbd0000,0x00000000fbc00000,0x00000000fbc00000)
  to   space 6336K, 0% used [0x00000000fc160000,0x00000000fc160000,0x00000000fc790000)
 ParOldGen       total 151744K, used 143251K [0x00000000e8000000, 0x00000000f1430000, 0x00000000fa000000)
  object space 151744K, 94% used [0x00000000e8000000,0x00000000f0be4f28,0x00000000f1430000)
 PSPermGen       total 79040K, used 77821K [0x00000000e0000000, 0x00000000e4d30000, 0x00000000e8000000)
  object space 79040K, 98% used [0x00000000e0000000,0x00000000e4bff4e0,0x00000000e4d30000)
Event: 148230.038 GC heap after
Heap after GC invocations=9310 (full 30):
 PSYoungGen      total 32512K, used 160K [0x00000000fa000000, 0x00000000fc690000, 0x0000000100000000)
  eden space 27200K, 0% used [0x00000000fa000000,0x00000000fa000000,0x00000000fba90000)
  from space 5312K, 3% used [0x00000000fc160000,0x00000000fc188000,0x00000000fc690000)
  to   space 6144K, 0% used [0x00000000fba90000,0x00000000fba90000,0x00000000fc090000)
 ParOldGen       total 151744K, used 143251K [0x00000000e8000000, 0x00000000f1430000, 0x00000000fa000000)
  object space 151744K, 94% used [0x00000000e8000000,0x00000000f0be4f28,0x00000000f1430000)
 PSPermGen       total 79040K, used 77821K [0x00000000e0000000, 0x00000000e4d30000, 0x00000000e8000000)
  object space 79040K, 98% used [0x00000000e0000000,0x00000000e4bff4e0,0x00000000e4d30000)
}
Event: 148240.306 GC heap before
{Heap before GC invocations=9311 (full 30):
 PSYoungGen      total 32512K, used 27360K [0x00000000fa000000, 0x00000000fc690000, 0x0000000100000000)
  eden space 27200K, 100% used [0x00000000fa000000,0x00000000fba90000,0x00000000fba90000)
  from space 5312K, 3% used [0x00000000fc160000,0x00000000fc188000,0x00000000fc690000)
  to   space 6144K, 0% used [0x00000000fba90000,0x00000000fba90000,0x00000000fc090000)
 ParOldGen       total 151744K, used 143251K [0x00000000e8000000, 0x00000000f1430000, 0x00000000fa000000)
  object space 151744K, 94% used [0x00000000e8000000,0x00000000f0be4f28,0x00000000f1430000)
 PSPermGen       total 79040K, used 77831K [0x00000000e0000000, 0x00000000e4d30000, 0x00000000e8000000)
  object space 79040K, 98% used [0x00000000e0000000,0x00000000e4c01c50,0x00000000e4d30000)
Event: 148240.311 GC heap after
Heap after GC invocations=9311 (full 30):
 PSYoungGen      total 28800K, used 2227K [0x00000000fa000000, 0x00000000fc590000, 0x0000000100000000)
  eden space 26560K, 0% used [0x00000000fa000000,0x00000000fa000000,0x00000000fb9f0000)
  from space 2240K, 99% used [0x00000000fba90000,0x00000000fbcbcf78,0x00000000fbcc0000)
  to   space 5952K, 0% used [0x00000000fbfc0000,0x00000000fbfc0000,0x00000000fc590000)
 ParOldGen       total 151744K, used 143251K [0x00000000e8000000, 0x00000000f1430000, 0x00000000fa000000)
  object space 151744K, 94% used [0x00000000e8000000,0x00000000f0be4f28,0x00000000f1430000)
 PSPermGen       total 79040K, used 77831K [0x00000000e0000000, 0x00000000e4d30000, 0x00000000e8000000)
  object space 79040K, 98% used [0x00000000e0000000,0x00000000e4c01c50,0x00000000e4d30000)
}
Event: 148250.381 GC heap before
{Heap before GC invocations=9312 (full 30):
 PSYoungGen      total 28800K, used 28787K [0x00000000fa000000, 0x00000000fc590000, 0x0000000100000000)
  eden space 26560K, 100% used [0x00000000fa000000,0x00000000fb9f0000,0x00000000fb9f0000)
  from space 2240K, 99% used [0x00000000fba90000,0x00000000fbcbcf78,0x00000000fbcc0000)
  to   space 5952K, 0% used [0x00000000fbfc0000,0x00000000fbfc0000,0x00000000fc590000)
 ParOldGen       total 151744K, used 143251K [0x00000000e8000000, 0x00000000f1430000, 0x00000000fa000000)
  object space 151744K, 94% used [0x00000000e8000000,0x00000000f0be4f28,0x00000000f1430000)
 PSPermGen       total 79040K, used 77843K [0x00000000e0000000, 0x00000000e4d30000, 0x00000000e8000000)
  object space 79040K, 98% used [0x00000000e0000000,0x00000000e4c04d70,0x00000000e4d30000)
Event: 148250.389 GC heap after
Heap after GC invocations=9312 (full 30):
 PSYoungGen      total 31616K, used 3300K [0x00000000fa000000, 0x00000000fc540000, 0x0000000100000000)
  eden space 25984K, 0% used [0x00000000fa000000,0x00000000fa000000,0x00000000fb960000)
  from space 5632K, 58% used [0x00000000fbfc0000,0x00000000fc2f93d0,0x00000000fc540000)
  to   space 6080K, 0% used [0x00000000fb960000,0x00000000fb960000,0x00000000fbf50000)
 ParOldGen       total 151744K, used 143251K [0x00000000e8000000, 0x00000000f1430000, 0x00000000fa000000)
  object space 151744K, 94% used [0x00000000e8000000,0x00000000f0be4f28,0x00000000f1430000)
 PSPermGen       total 79040K, used 77843K [0x00000000e0000000, 0x00000000e4d30000, 0x00000000e8000000)
  object space 79040K, 98% used [0x00000000e0000000,0x00000000e4c04d70,0x00000000e4d30000)
}

